0 silly argv { _: [ 'import' ],
0 silly argv   flatten: true,
0 silly argv   lernaVersion: '3.16.4',
0 silly argv   '$0': 'lerna',
0 silly argv   dir: '/Users/piotrkosinski/Projects/ewf/ew-origin-ui' }
1 notice cli v3.16.4
2 verbose rootPath /Users/piotrkosinski/Projects/ewf/origin-monorepo
3 error Error: Command failed: git rev-parse HEAD
3 error fatal: ambiguous argument 'HEAD': unknown revision or path not in the working tree.
3 error Use '--' to separate paths from revisions, like this:
3 error 'git <command> [<revision>...] -- [<file>...]'
3 error
3 error HEAD
3 error
3 error     at makeError (/Users/piotrkosinski/.nvm/versions/node/v10.14.1/lib/node_modules/lerna/node_modules/execa/index.js:174:9)
3 error     at Function.module.exports.sync (/Users/piotrkosinski/.nvm/versions/node/v10.14.1/lib/node_modules/lerna/node_modules/execa/index.js:338:15)
3 error     at Object.execSync (/Users/piotrkosinski/.nvm/versions/node/v10.14.1/lib/node_modules/lerna/node_modules/@lerna/child-process/index.js:26:16)
3 error     at ImportCommand.execSync (/Users/piotrkosinski/.nvm/versions/node/v10.14.1/lib/node_modules/lerna/node_modules/@lerna/import/index.js:143:34)
3 error     at ImportCommand.getCurrentSHA (/Users/piotrkosinski/.nvm/versions/node/v10.14.1/lib/node_modules/lerna/node_modules/@lerna/import/index.js:135:17)
3 error     at ImportCommand.initialize (/Users/piotrkosinski/.nvm/versions/node/v10.14.1/lib/node_modules/lerna/node_modules/@lerna/import/index.js:104:31)
3 error     at Promise.resolve.then (/Users/piotrkosinski/.nvm/versions/node/v10.14.1/lib/node_modules/lerna/node_modules/@lerna/command/index.js:271:24)
